<?xml version="1.0" encoding="UTF-8"?>
<!-- Generated by org.testng.reporters.JUnitXMLReporter -->
<testsuite ignored="0" hostname="MY-Lappy" failures="0" tests="15" name="LoginPageTest" time="13.643" errors="0" timestamp="2022-04-20T12:26:36 IST">
  <testcase classname="testLayer.LoginPageTest" name="validateLogo" time="0.054"/>
  <testcase classname="testLayer.LoginPageTest" name="validateTitle" time="0.001"/>
  <testcase classname="testLayer.LoginPageTest" name="validateurl" time="0.016"/>
  <testcase classname="testLayer.LoginPageTest" name="validateDisplayedStatusUsername" time="0.036"/>
  <testcase classname="testLayer.LoginPageTest" name="validateEnabledStatusUsername" time="0.015"/>
  <testcase classname="testLayer.LoginPageTest" name="clearUsernameData" time="0.036"/>
  <testcase classname="testLayer.LoginPageTest" name="validateEnterDataUsername" time="0.099"/>
  <testcase classname="testLayer.LoginPageTest" name="validateDisplayedStatusPassword" time="0.016"/>
  <testcase classname="testLayer.LoginPageTest" name="validateEnabledStatusPassword" time="0.016"/>
  <testcase classname="testLayer.LoginPageTest" name="clearPasswordData" time="0.047"/>
  <testcase classname="testLayer.LoginPageTest" name="validateEnterDataPassword" time="0.063"/>
  <testcase classname="testLayer.LoginPageTest" name="validateDisplayedStatusLoginButton" time="0.035"/>
  <testcase classname="testLayer.LoginPageTest" name="validateEnabledStatusLoginButton" time="0.027"/>
  <testcase classname="testLayer.LoginPageTest" name="validateLoginButtonLoginButtonValue" time="0.028"/>
  <testcase classname="testLayer.LoginPageTest" name="clickOnLoginButton" time="1.569"/>
</testsuite> <!-- LoginPageTest -->
