<?xml version="1.0" encoding="UTF-8"?>
<!-- Generated by org.testng.reporters.JUnitXMLReporter -->
<testsuite ignored="0" hostname="MY-Lappy" failures="6" tests="6" name="Test" time="15.828" errors="0" timestamp="2022-04-22T16:36:02 IST">
  <testcase classname="testLayer.HomePageTest" name="validateStaySearch" time="0.004">
    <failure type="java.lang.NullPointerException" message="Cannot invoke &amp;quot;pageLayer.HomePage.searchplace(String)&amp;quot; because &amp;quot;this.homepage&amp;quot; is null">
      <![CDATA[java.lang.NullPointerException: Cannot invoke "pageLayer.HomePage.searchplace(String)" because "this.homepage" is null
at testLayer.HomePageTest.validateStaySearch(HomePageTest.java:24)
at java.base/java.util.ArrayList.forEach(ArrayList.java:1511)
... Removed 27 stack frames]]>
    </failure>
  </testcase> <!-- validateStaySearch -->
  <testcase classname="testLayer.HomePageTest" name="validaFlightPage" time="0.001">
    <failure type="java.lang.NullPointerException" message="Cannot invoke &amp;quot;pageLayer.HomePage.checkFlightsLink()&amp;quot; because &amp;quot;this.homepage&amp;quot; is null">
      <![CDATA[java.lang.NullPointerException: Cannot invoke "pageLayer.HomePage.checkFlightsLink()" because "this.homepage" is null
at testLayer.HomePageTest.validaFlightPage(HomePageTest.java:29)
at java.base/java.util.ArrayList.forEach(ArrayList.java:1511)
... Removed 27 stack frames]]>
    </failure>
  </testcase> <!-- validaFlightPage -->
  <testcase classname="testLayer.HomePageTest" name="validateCarRentPage" time="0.001">
    <failure type="java.lang.NullPointerException" message="Cannot invoke &amp;quot;pageLayer.HomePage.checkCarRentalLink()&amp;quot; because &amp;quot;this.homepage&amp;quot; is null">
      <![CDATA[java.lang.NullPointerException: Cannot invoke "pageLayer.HomePage.checkCarRentalLink()" because "this.homepage" is null
at testLayer.HomePageTest.validateCarRentPage(HomePageTest.java:34)
at java.base/java.util.ArrayList.forEach(ArrayList.java:1511)
... Removed 27 stack frames]]>
    </failure>
  </testcase> <!-- validateCarRentPage -->
  <testcase classname="testLayer.HomePageTest" name="validaHotelPage" time="0.001">
    <failure type="java.lang.NullPointerException" message="Cannot invoke &amp;quot;pageLayer.HomePage.checkHotelLink()&amp;quot; because &amp;quot;this.homepage&amp;quot; is null">
      <![CDATA[java.lang.NullPointerException: Cannot invoke "pageLayer.HomePage.checkHotelLink()" because "this.homepage" is null
at testLayer.HomePageTest.validaHotelPage(HomePageTest.java:39)
at java.base/java.util.ArrayList.forEach(ArrayList.java:1511)
... Removed 27 stack frames]]>
    </failure>
  </testcase> <!-- validaHotelPage -->
  <testcase classname="testLayer.HomePageTest" name="validaAttractionPage" time="0.0">
    <failure type="java.lang.NullPointerException" message="Cannot invoke &amp;quot;pageLayer.HomePage.checkAttractionLink()&amp;quot; because &amp;quot;this.homepage&amp;quot; is null">
      <![CDATA[java.lang.NullPointerException: Cannot invoke "pageLayer.HomePage.checkAttractionLink()" because "this.homepage" is null
at testLayer.HomePageTest.validaAttractionPage(HomePageTest.java:44)
at java.base/java.util.ArrayList.forEach(ArrayList.java:1511)
... Removed 27 stack frames]]>
    </failure>
  </testcase> <!-- validaAttractionPage -->
  <testcase classname="testLayer.HomePageTest" name="validaAirportTaxiPage" time="0.001">
    <failure type="java.lang.NullPointerException" message="Cannot invoke &amp;quot;pageLayer.HomePage.checkAirportTaxiLink()&amp;quot; because &amp;quot;this.homepage&amp;quot; is null">
      <![CDATA[java.lang.NullPointerException: Cannot invoke "pageLayer.HomePage.checkAirportTaxiLink()" because "this.homepage" is null
at testLayer.HomePageTest.validaAirportTaxiPage(HomePageTest.java:49)
at java.base/java.util.ArrayList.forEach(ArrayList.java:1511)
... Removed 27 stack frames]]>
    </failure>
  </testcase> <!-- validaAirportTaxiPage -->
</testsuite> <!-- Test -->
