<?xml version="1.0" encoding="UTF-8"?>
<testng-results ignored="0" total="6" passed="5" failed="1" skipped="0">
  <reporter-output>
  </reporter-output>
  <suite started-at="2022-04-22T18:37:54 IST" name="Default suite" finished-at="2022-04-22T18:38:29 IST" duration-ms="34635">
    <groups>
    </groups>
    <test started-at="2022-04-22T18:37:54 IST" name="Default test" finished-at="2022-04-22T18:38:29 IST" duration-ms="34635">
      <class name="testLayer.HomePageTest">
        <test-method is-config="true" signature="setUp()[pri:0, instance:testLayer.HomePageTest@31368b99]" started-at="2022-04-22T18:37:54 IST" name="setUp" finished-at="2022-04-22T18:38:08 IST" duration-ms="13928" status="PASS">
          <reporter-output>
          </reporter-output>
        </test-method> <!-- setUp -->
        <test-method signature="validatStayPage()[pri:0, instance:testLayer.HomePageTest@31368b99]" started-at="2022-04-22T18:38:08 IST" name="validatStayPage" finished-at="2022-04-22T18:38:12 IST" duration-ms="3948" status="PASS">
          <reporter-output>
          </reporter-output>
        </test-method> <!-- validatStayPage -->
        <test-method signature="validateStaySearch()[pri:0, instance:testLayer.HomePageTest@31368b99]" started-at="2022-04-22T18:38:12 IST" name="validateStaySearch" finished-at="2022-04-22T18:38:12 IST" duration-ms="4" status="FAIL">
          <exception class="java.lang.NullPointerException">
            <message>
              <![CDATA[Cannot invoke "pageLayer.HomePage.searchplace(String)" because "this.homepage" is null]]>
            </message>
            <full-stacktrace>
              <![CDATA[java.lang.NullPointerException: Cannot invoke "pageLayer.HomePage.searchplace(String)" because "this.homepage" is null
at testLayer.HomePageTest.validateStaySearch(HomePageTest.java:28)
at java.base/jdk.internal.reflect.NativeMethodAccessorImpl.invoke0(Native Method)
at java.base/jdk.internal.reflect.NativeMethodAccessorImpl.invoke(NativeMethodAccessorImpl.java:77)
at java.base/jdk.internal.reflect.DelegatingMethodAccessorImpl.invoke(DelegatingMethodAccessorImpl.java:43)
at java.base/java.lang.reflect.Method.invoke(Method.java:568)
at org.testng.internal.MethodInvocationHelper.invokeMethod(MethodInvocationHelper.java:132)
at org.testng.internal.TestInvoker.invokeMethod(TestInvoker.java:599)
at org.testng.internal.TestInvoker.invokeTestMethod(TestInvoker.java:174)
at org.testng.internal.MethodRunner.runInSequence(MethodRunner.java:46)
at org.testng.internal.TestInvoker$MethodInvocationAgent.invoke(TestInvoker.java:822)
at org.testng.internal.TestInvoker.invokeTestMethods(TestInvoker.java:147)
at org.testng.internal.TestMethodWorker.invokeTestMethods(TestMethodWorker.java:146)
at org.testng.internal.TestMethodWorker.run(TestMethodWorker.java:128)
at java.base/java.util.ArrayList.forEach(ArrayList.java:1511)
at org.testng.TestRunner.privateRun(TestRunner.java:764)
at org.testng.TestRunner.run(TestRunner.java:585)
at org.testng.SuiteRunner.runTest(SuiteRunner.java:384)
at org.testng.SuiteRunner.runSequentially(SuiteRunner.java:378)
at org.testng.SuiteRunner.privateRun(SuiteRunner.java:337)
at org.testng.SuiteRunner.run(SuiteRunner.java:286)
at org.testng.SuiteRunnerWorker.runSuite(SuiteRunnerWorker.java:53)
at org.testng.SuiteRunnerWorker.run(SuiteRunnerWorker.java:96)
at org.testng.TestNG.runSuitesSequentially(TestNG.java:1218)
at org.testng.TestNG.runSuitesLocally(TestNG.java:1140)
at org.testng.TestNG.runSuites(TestNG.java:1069)
at org.testng.TestNG.run(TestNG.java:1037)
at org.testng.remote.AbstractRemoteTestNG.run(AbstractRemoteTestNG.java:115)
at org.testng.remote.RemoteTestNG.initAndRun(RemoteTestNG.java:251)
at org.testng.remote.RemoteTestNG.main(RemoteTestNG.java:77)
]]>
            </full-stacktrace>
          </exception> <!-- java.lang.NullPointerException -->
          <reporter-output>
          </reporter-output>
        </test-method> <!-- validateStaySearch -->
        <test-method signature="validaFlightPage()[pri:1, instance:testLayer.HomePageTest@31368b99]" started-at="2022-04-22T18:38:12 IST" name="validaFlightPage" finished-at="2022-04-22T18:38:18 IST" duration-ms="6060" status="PASS">
          <reporter-output>
          </reporter-output>
        </test-method> <!-- validaFlightPage -->
        <test-method signature="validateCarRentPage()[pri:2, instance:testLayer.HomePageTest@31368b99]" started-at="2022-04-22T18:38:18 IST" name="validateCarRentPage" finished-at="2022-04-22T18:38:22 IST" duration-ms="4067" status="PASS">
          <reporter-output>
          </reporter-output>
        </test-method> <!-- validateCarRentPage -->
        <test-method signature="validaAttractionPage()[pri:4, instance:testLayer.HomePageTest@31368b99]" started-at="2022-04-22T18:38:22 IST" name="validaAttractionPage" finished-at="2022-04-22T18:38:25 IST" duration-ms="2980" status="PASS">
          <reporter-output>
          </reporter-output>
        </test-method> <!-- validaAttractionPage -->
        <test-method signature="validaAirportTaxiPage()[pri:5, instance:testLayer.HomePageTest@31368b99]" started-at="2022-04-22T18:38:25 IST" name="validaAirportTaxiPage" finished-at="2022-04-22T18:38:28 IST" duration-ms="2997" status="PASS">
          <reporter-output>
          </reporter-output>
        </test-method> <!-- validaAirportTaxiPage -->
        <test-method is-config="true" signature="tearDown()[pri:0, instance:testLayer.HomePageTest@31368b99]" started-at="2022-04-22T18:38:28 IST" name="tearDown" finished-at="2022-04-22T18:38:29 IST" duration-ms="561" status="PASS">
          <reporter-output>
          </reporter-output>
        </test-method> <!-- tearDown -->
      </class> <!-- testLayer.HomePageTest -->
    </test> <!-- Default test -->
  </suite> <!-- Default suite -->
</testng-results>
